2024-05-13 19:19:14,700 postgres_utils INFO Connected to database successfully
2024-05-13 19:19:14,763 postgres_utils ERROR Error executing schema script: permission denied for schema public
LINE 21: CREATE TABLE IF NOT EXISTS Cities (
                                    ^

2024-05-13 19:20:24,265 postgres_utils INFO Connected to database successfully
2024-05-13 19:20:24,271 postgres_utils ERROR Error executing schema script: permission denied for schema public
LINE 21: CREATE TABLE IF NOT EXISTS Cities (
                                    ^

2024-05-13 19:21:27,239 postgres_utils INFO Connected to database successfully
2024-05-13 19:21:27,248 postgres_utils ERROR Error executing schema script: permission denied for schema public
LINE 21: CREATE TABLE IF NOT EXISTS Cities (
                                    ^

2024-05-13 19:23:18,514 postgres_utils ERROR Failed to connect to database: connection to server at "localhost" (127.0.0.1), port 5432 failed: FATAL:  password authentication failed for user "postgres"
connection to server at "localhost" (127.0.0.1), port 5432 failed: FATAL:  password authentication failed for user "postgres"

2024-05-13 19:23:34,456 postgres_utils INFO Connected to database successfully
2024-05-13 19:23:34,463 postgres_utils ERROR Error executing schema script: permission denied for schema public
LINE 21: CREATE TABLE IF NOT EXISTS Cities (
                                    ^

2024-05-13 19:25:24,674 postgres_utils INFO Connected to database successfully
2024-05-13 19:25:24,678 postgres_utils ERROR Error executing schema script: permission denied for schema public
LINE 21: CREATE TABLE IF NOT EXISTS Cities (
                                    ^

2024-05-13 19:26:15,834 postgres_utils INFO Connected to database successfully
2024-05-13 19:26:15,874 postgres_utils ERROR Error executing schema script: permission denied for schema public
LINE 21: CREATE TABLE IF NOT EXISTS Cities (
                                    ^

2024-05-13 19:31:47,449 postgres_utils INFO Connected to database successfully
2024-05-13 19:31:47,454 postgres_utils ERROR Error executing schema script: permission denied for schema public
LINE 21: CREATE TABLE IF NOT EXISTS Cities (
                                    ^

2024-05-13 19:40:07,905 postgres_utils INFO Connected to database successfully
2024-05-13 19:40:07,910 postgres_utils ERROR Error executing schema script: permission denied for schema public
LINE 21: CREATE TABLE IF NOT EXISTS Cities (
                                    ^

2024-05-13 19:41:26,998 postgres_utils INFO Connected to database successfully
2024-05-13 19:41:27,002 postgres_utils ERROR Error executing schema script: permission denied for schema public
LINE 21: CREATE TABLE IF NOT EXISTS Cities (
                                    ^

2024-05-13 19:41:45,664 postgres_utils ERROR Failed to connect to database: connection to server at "localhost" (127.0.0.1), port 5432 failed: FATAL:  password authentication failed for user "postgres"
connection to server at "localhost" (127.0.0.1), port 5432 failed: FATAL:  password authentication failed for user "postgres"

2024-05-13 19:58:48,871 postgres_utils INFO Connected to database successfully
2024-05-13 19:58:49,074 postgres_utils ERROR Error executing schema script: permission denied for schema public
LINE 21: CREATE TABLE IF NOT EXISTS Cities (
                                    ^

2024-05-13 20:00:48,445 postgres_utils INFO Connected to database successfully
2024-05-13 20:00:48,450 postgres_utils ERROR Error executing schema script: permission denied for schema public
LINE 21: CREATE TABLE IF NOT EXISTS Cities (
                                    ^

2024-05-13 20:02:22,357 postgres_utils INFO Connected to database successfully
2024-05-13 20:02:22,358 postgres_utils ERROR Error executing schema script: connection already closed
2024-05-13 20:02:32,223 postgres_utils INFO Connected to database successfully
2024-05-13 20:02:32,227 postgres_utils ERROR Error executing schema script: permission denied for schema public
LINE 21: CREATE TABLE IF NOT EXISTS Cities (
                                    ^

2024-05-13 20:12:39,648 postgres_utils INFO Connected to database successfully
2024-05-13 20:12:39,771 postgres_utils ERROR Error executing schema script: permission denied for schema public
LINE 21: CREATE TABLE IF NOT EXISTS Cities (
                                    ^

2024-05-13 20:14:11,752 postgres_utils INFO Connected to database successfully
2024-05-13 20:14:11,755 postgres_utils ERROR Error executing schema script: permission denied for schema public
LINE 21: CREATE TABLE IF NOT EXISTS Cities (
                                    ^

2024-05-13 20:17:26,072 postgres_utils INFO Connected to database successfully
2024-05-13 20:17:26,076 postgres_utils ERROR Error executing schema script: permission denied for schema public
LINE 21: CREATE TABLE IF NOT EXISTS public.Cities (
                                    ^

2024-05-13 20:26:41,033 postgres_utils INFO Connected to database successfully
2024-05-13 20:26:41,035 postgres_utils ERROR Error executing schema script: syntax error at or near "USE"
LINE 23: USE my_schema;
         ^

2024-05-13 20:26:56,987 postgres_utils INFO Connected to database successfully
2024-05-13 20:26:57,473 postgres_utils ERROR Error executing schema script: permission denied for schema public
LINE 37: CREATE TABLE IF NOT EXISTS Content_type (
                                    ^

2024-05-13 20:30:47,963 postgres_utils INFO Connected to database successfully
2024-05-13 20:30:47,967 postgres_utils ERROR Error executing schema script: permission denied for database youtube

2024-05-13 20:34:25,080 postgres_utils INFO Connected to database successfully
2024-05-13 20:34:25,083 postgres_utils ERROR Error executing schema script: schema "my_schema" does not exist
LINE 21: CREATE TABLE IF NOT EXISTS my_schema.Cities (
                                    ^

2024-05-13 20:34:57,239 postgres_utils INFO Connected to database successfully
2024-05-13 20:34:58,479 postgres_utils INFO Schema script executed successfully.
2024-05-13 20:39:18,584 postgres_utils INFO Connected to database successfully
2024-05-13 20:39:19,805 postgres_utils INFO Schema script executed successfully.
2024-05-13 20:39:20,287 postgres_utils ERROR Error writing data to database: relation "operating_system" does not exist
LINE 1: INSERT INTO Operating_system VALUES ('2020-06-28', 'Unknown'...
                    ^

2024-05-13 20:44:21,590 postgres_utils INFO Connected to database successfully
2024-05-13 20:44:22,633 postgres_utils INFO Schema script executed successfully.
2024-05-13 20:44:22,857 postgres_utils ERROR Error writing data to database: relation "operating_system" does not exist
LINE 1: INSERT INTO Operating_system VALUES ('2020-06-28', 'Unknown'...
                    ^

2024-05-13 20:45:39,143 postgres_utils INFO Connected to database successfully
2024-05-13 20:45:40,176 postgres_utils INFO Schema script executed successfully.
2024-05-13 20:45:40,385 postgres_utils ERROR Error writing data to database: relation "operating_system" does not exist
LINE 1: INSERT INTO Operating_system VALUES ('2020-06-28', 'Unknown'...
                    ^

2024-05-13 20:45:48,968 postgres_utils INFO Connected to database successfully
2024-05-13 20:45:49,942 postgres_utils INFO Schema script executed successfully.
2024-05-13 20:45:50,148 postgres_utils ERROR Error writing data to database: relation "operating_system" does not exist
LINE 1: INSERT INTO Operating_system VALUES ('2020-06-28', 'Unknown'...
                    ^

2024-05-13 20:46:18,846 postgres_utils INFO Connected to database successfully
2024-05-13 20:46:20,241 postgres_utils INFO Schema script executed successfully.
2024-05-13 20:46:20,448 postgres_utils ERROR Error writing data to database: relation "operating_system" does not exist
LINE 1: INSERT INTO Operating_system VALUES ('2020-06-28', 'Unknown'...
                    ^

2024-05-13 20:46:44,320 postgres_utils INFO Connected to database successfully
2024-05-13 20:46:45,358 postgres_utils INFO Schema script executed successfully.
2024-05-13 20:46:45,572 postgres_utils ERROR Error writing data to database: relation "operating_system" does not exist
LINE 1: INSERT INTO Operating_system VALUES ('2020-06-28', 'Unknown'...
                    ^

2024-05-13 20:47:30,049 postgres_utils INFO Connected to database successfully
2024-05-13 20:47:30,992 postgres_utils INFO Schema script executed successfully.
2024-05-13 20:47:31,115 postgres_utils ERROR Error writing data to database: relation "subscription_source" does not exist
LINE 1: INSERT INTO Subscription_source VALUES ('2020-06-28', 'Other...
                    ^

2024-05-13 20:49:08,028 postgres_utils INFO Connected to database successfully
2024-05-13 20:49:09,033 postgres_utils INFO Schema script executed successfully.
2024-05-13 20:49:09,232 postgres_utils ERROR Error writing data to database: relation "operating_system" does not exist
LINE 1: INSERT INTO Operating_system VALUES ('2020-06-28', 'Unknown'...
                    ^

2024-05-13 20:55:13,880 postgres_utils INFO Connected to database successfully
2024-05-13 20:55:13,891 postgres_utils ERROR Error executing schema script: syntax error at or near ")"
LINE 77: );
         ^

2024-05-13 20:55:23,749 postgres_utils INFO Connected to database successfully
2024-05-13 20:55:24,817 postgres_utils INFO Schema script executed successfully.
2024-05-13 20:55:25,056 postgres_utils ERROR Error writing data to database: relation "operating_system" does not exist
LINE 1: INSERT INTO Operating_system VALUES ('2020-06-28', 'Unknown'...
                    ^

2024-05-13 20:59:40,196 postgres_utils INFO Connected to database successfully
2024-05-13 20:59:41,323 postgres_utils INFO Schema script executed successfully.
2024-05-13 20:59:41,444 postgres_utils ERROR Error writing data to database: relation "cities" does not exist
LINE 1: INSERT INTO Cities VALUES ('2020-06-28', '0x164b85cef5ab402d...
                    ^

2024-05-13 21:01:05,041 postgres_utils INFO Connected to database successfully
2024-05-13 21:01:06,333 postgres_utils INFO Schema script executed successfully.
2024-05-13 21:01:14,246 postgres_utils INFO Data from CSV file inserted into the database successfully.
2024-05-13 21:01:18,598 postgres_utils INFO Data from CSV file inserted into the database successfully.
2024-05-13 21:01:23,473 postgres_utils INFO Data from CSV file inserted into the database successfully.
2024-05-13 21:01:26,350 postgres_utils INFO Data from CSV file inserted into the database successfully.
2024-05-13 21:01:32,179 postgres_utils INFO Data from CSV file inserted into the database successfully.
2024-05-13 21:01:36,838 postgres_utils INFO Data from CSV file inserted into the database successfully.
2024-05-13 21:01:38,128 postgres_utils INFO Data from CSV file inserted into the database successfully.
2024-05-13 21:01:38,130 postgres_utils ERROR Error writing data to database: relation "viewer_age" does not exist
LINE 1: INSERT INTO Viewer_age VALUES ('13–17 years', '0.49', '0:00:...
                    ^

2024-05-13 21:05:56,312 postgres_utils INFO Connected to database successfully
2024-05-13 21:05:57,401 postgres_utils INFO Schema script executed successfully.
2024-05-13 21:06:05,385 postgres_utils INFO Data from CSV file inserted into the database successfully.
2024-05-13 21:06:10,017 postgres_utils INFO Data from CSV file inserted into the database successfully.
2024-05-13 21:06:14,851 postgres_utils INFO Data from CSV file inserted into the database successfully.
2024-05-13 21:06:17,527 postgres_utils INFO Data from CSV file inserted into the database successfully.
2024-05-13 21:06:22,417 postgres_utils INFO Data from CSV file inserted into the database successfully.
2024-05-13 21:06:26,856 postgres_utils INFO Data from CSV file inserted into the database successfully.
2024-05-13 21:06:27,935 postgres_utils INFO Data from CSV file inserted into the database successfully.
2024-05-13 21:06:27,946 postgres_utils INFO Data from CSV file inserted into the database successfully.
2024-05-13 21:06:30,183 postgres_utils INFO Data from CSV file inserted into the database successfully.
2024-05-13 21:06:30,216 postgres_utils INFO Data from CSV file inserted into the database successfully.
2024-05-13 21:06:31,308 postgres_utils INFO Data from CSV file inserted into the database successfully.
2024-05-13 21:06:46,979 postgres_utils INFO Data from CSV file inserted into the database successfully.
2024-05-13 21:06:48,639 postgres_utils INFO Data from CSV file inserted into the database successfully.
